
*** Running vivado
    with args -log spi_slave.vds -m64 -product Vivado -mode batch -messageDb vivado.pb -notrace -source spi_slave.tcl


ECHO est  desactivado.
ECHO est  desactivado.

****** Vivado v2023.2 (64-bit)
  **** SW Build 4029153 on Fri Oct 13 20:14:34 MDT 2023
  **** IP Build 4028589 on Sat Oct 14 00:45:43 MDT 2023
  **** SharedData Build 4025554 on Tue Oct 10 17:18:54 MDT 2023
    ** Copyright 1986-2022 Xilinx, Inc. All Rights Reserved.
    ** Copyright 2022-2023 Advanced Micro Devices, Inc. All Rights Reserved.

source spi_slave.tcl -notrace
create_project: Time (s): cpu = 00:00:03 ; elapsed = 00:00:06 . Memory (MB): peak = 460.879 ; gain = 184.961
Command: read_checkpoint -auto_incremental -incremental C:/Users/Angel/Desktop/ICARO_24/fpga_spi_slave/V2.0/vivado_proyect/vivado_proyect.srcs/utils_1/imports/synth_1/spi_slave.dcp
INFO: [Vivado 12-5825] Read reference checkpoint from C:/Users/Angel/Desktop/ICARO_24/fpga_spi_slave/V2.0/vivado_proyect/vivado_proyect.srcs/utils_1/imports/synth_1/spi_slave.dcp for incremental synthesis
INFO: [Vivado 12-7989] Please ensure there are no constraint changes
Command: synth_design -top spi_slave -part xc7a35tcpg236-1
Starting synth_design
Attempting to get a license for feature 'Synthesis' and/or device 'xc7a35t'
INFO: [Common 17-349] Got license for feature 'Synthesis' and/or device 'xc7a35t'
INFO: [Device 21-403] Loading part xc7a35tcpg236-1
INFO: [Designutils 20-5440] No compile time benefit to using incremental synthesis; A full resynthesis will be run
INFO: [Designutils 20-4379] Flow is switching to default flow due to incremental criteria not met. If you would like to alter this behaviour and have the flow terminate instead, please set the following parameter config_implementation {autoIncr.Synth.RejectBehavior Terminate}
INFO: [Synth 8-7079] Multithreading enabled for synth_design using a maximum of 2 processes.
INFO: [Synth 8-7078] Launching helper process for spawning children vivado processes
INFO: [Synth 8-7075] Helper process launched with PID 23992
---------------------------------------------------------------------------------
Starting RTL Elaboration : Time (s): cpu = 00:00:02 ; elapsed = 00:00:06 . Memory (MB): peak = 1297.039 ; gain = 439.555
---------------------------------------------------------------------------------
INFO: [Synth 8-638] synthesizing module 'spi_slave' [C:/Users/Angel/Desktop/ICARO_24/fpga_spi_slave/V2.0/hw/spi_slave.vhd:47]
WARNING: [Synth 8-614] signal 'internal_flag' is read in the process but is not in the sensitivity list [C:/Users/Angel/Desktop/ICARO_24/fpga_spi_slave/V2.0/hw/spi_slave.vhd:67]
WARNING: [Synth 8-614] signal 'frame_buffer' is read in the process but is not in the sensitivity list [C:/Users/Angel/Desktop/ICARO_24/fpga_spi_slave/V2.0/hw/spi_slave.vhd:67]
INFO: [Synth 8-256] done synthesizing module 'spi_slave' (0#1) [C:/Users/Angel/Desktop/ICARO_24/fpga_spi_slave/V2.0/hw/spi_slave.vhd:47]
---------------------------------------------------------------------------------
Finished RTL Elaboration : Time (s): cpu = 00:00:02 ; elapsed = 00:00:07 . Memory (MB): peak = 1403.984 ; gain = 546.500
---------------------------------------------------------------------------------
---------------------------------------------------------------------------------
Start Handling Custom Attributes
---------------------------------------------------------------------------------
---------------------------------------------------------------------------------
Finished Handling Custom Attributes : Time (s): cpu = 00:00:02 ; elapsed = 00:00:07 . Memory (MB): peak = 1403.984 ; gain = 546.500
---------------------------------------------------------------------------------
---------------------------------------------------------------------------------
Finished RTL Optimization Phase 1 : Time (s): cpu = 00:00:02 ; elapsed = 00:00:07 . Memory (MB): peak = 1403.984 ; gain = 546.500
---------------------------------------------------------------------------------
Netlist sorting complete. Time (s): cpu = 00:00:00 ; elapsed = 00:00:00.001 . Memory (MB): peak = 1403.984 ; gain = 0.000
INFO: [Project 1-570] Preparing netlist for logic optimization

Processing XDC Constraints
Initializing timing engine
Parsing XDC File [C:/Users/Angel/Desktop/ICARO_24/fpga_spi_slave/V2.0/constraints/Cmod-A7-Master.xdc]
WARNING: [Vivado 12-584] No ports matched 'i_clk'. [C:/Users/Angel/Desktop/ICARO_24/fpga_spi_slave/V2.0/constraints/Cmod-A7-Master.xdc:7]
CRITICAL WARNING: [Common 17-55] 'set_property' expects at least one object. [C:/Users/Angel/Desktop/ICARO_24/fpga_spi_slave/V2.0/constraints/Cmod-A7-Master.xdc:7]
Resolution: If [get_<value>] was used to populate the object, check to make sure this command returns at least one valid object.
WARNING: [Vivado 12-584] No ports matched 'i_clk'. [C:/Users/Angel/Desktop/ICARO_24/fpga_spi_slave/V2.0/constraints/Cmod-A7-Master.xdc:8]
CRITICAL WARNING: [Vivado 12-4739] create_clock:No valid object(s) found for '-objects [get_ports i_clk]'. [C:/Users/Angel/Desktop/ICARO_24/fpga_spi_slave/V2.0/constraints/Cmod-A7-Master.xdc:8]
Resolution: Check if the specified object(s) exists in the current design. If it does, ensure that the correct design hierarchy was specified for the object. If you are working with clocks, make sure create_clock was used to create the clock object before it is referenced.
WARNING: [Vivado 12-584] No ports matched 'o_wip'. [C:/Users/Angel/Desktop/ICARO_24/fpga_spi_slave/V2.0/constraints/Cmod-A7-Master.xdc:11]
CRITICAL WARNING: [Common 17-55] 'set_property' expects at least one object. [C:/Users/Angel/Desktop/ICARO_24/fpga_spi_slave/V2.0/constraints/Cmod-A7-Master.xdc:11]
Resolution: If [get_<value>] was used to populate the object, check to make sure this command returns at least one valid object.
WARNING: [Vivado 12-584] No ports matched 'o_end'. [C:/Users/Angel/Desktop/ICARO_24/fpga_spi_slave/V2.0/constraints/Cmod-A7-Master.xdc:12]
CRITICAL WARNING: [Common 17-55] 'set_property' expects at least one object. [C:/Users/Angel/Desktop/ICARO_24/fpga_spi_slave/V2.0/constraints/Cmod-A7-Master.xdc:12]
Resolution: If [get_<value>] was used to populate the object, check to make sure this command returns at least one valid object.
WARNING: [Vivado 12-584] No ports matched 'i_en'. [C:/Users/Angel/Desktop/ICARO_24/fpga_spi_slave/V2.0/constraints/Cmod-A7-Master.xdc:20]
CRITICAL WARNING: [Common 17-55] 'set_property' expects at least one object. [C:/Users/Angel/Desktop/ICARO_24/fpga_spi_slave/V2.0/constraints/Cmod-A7-Master.xdc:20]
Resolution: If [get_<value>] was used to populate the object, check to make sure this command returns at least one valid object.
WARNING: [Vivado 12-584] No ports matched 'i_rstn'. [C:/Users/Angel/Desktop/ICARO_24/fpga_spi_slave/V2.0/constraints/Cmod-A7-Master.xdc:21]
CRITICAL WARNING: [Common 17-55] 'set_property' expects at least one object. [C:/Users/Angel/Desktop/ICARO_24/fpga_spi_slave/V2.0/constraints/Cmod-A7-Master.xdc:21]
Resolution: If [get_<value>] was used to populate the object, check to make sure this command returns at least one valid object.
WARNING: [Vivado 12-584] No ports matched 'i_CS'. [C:/Users/Angel/Desktop/ICARO_24/fpga_spi_slave/V2.0/constraints/Cmod-A7-Master.xdc:42]
CRITICAL WARNING: [Common 17-55] 'set_property' expects at least one object. [C:/Users/Angel/Desktop/ICARO_24/fpga_spi_slave/V2.0/constraints/Cmod-A7-Master.xdc:42]
Resolution: If [get_<value>] was used to populate the object, check to make sure this command returns at least one valid object.
WARNING: [Vivado 12-584] No ports matched 'i_SCL'. [C:/Users/Angel/Desktop/ICARO_24/fpga_spi_slave/V2.0/constraints/Cmod-A7-Master.xdc:43]
CRITICAL WARNING: [Common 17-55] 'set_property' expects at least one object. [C:/Users/Angel/Desktop/ICARO_24/fpga_spi_slave/V2.0/constraints/Cmod-A7-Master.xdc:43]
Resolution: If [get_<value>] was used to populate the object, check to make sure this command returns at least one valid object.
WARNING: [Vivado 12-584] No ports matched 'i_MOSI'. [C:/Users/Angel/Desktop/ICARO_24/fpga_spi_slave/V2.0/constraints/Cmod-A7-Master.xdc:44]
CRITICAL WARNING: [Common 17-55] 'set_property' expects at least one object. [C:/Users/Angel/Desktop/ICARO_24/fpga_spi_slave/V2.0/constraints/Cmod-A7-Master.xdc:44]
Resolution: If [get_<value>] was used to populate the object, check to make sure this command returns at least one valid object.
WARNING: [Vivado 12-584] No ports matched 'o_MISO'. [C:/Users/Angel/Desktop/ICARO_24/fpga_spi_slave/V2.0/constraints/Cmod-A7-Master.xdc:45]
CRITICAL WARNING: [Common 17-55] 'set_property' expects at least one object. [C:/Users/Angel/Desktop/ICARO_24/fpga_spi_slave/V2.0/constraints/Cmod-A7-Master.xdc:45]
Resolution: If [get_<value>] was used to populate the object, check to make sure this command returns at least one valid object.
WARNING: [Vivado 12-584] No ports matched 'o_scl_4'. [C:/Users/Angel/Desktop/ICARO_24/fpga_spi_slave/V2.0/constraints/Cmod-A7-Master.xdc:46]
CRITICAL WARNING: [Common 17-55] 'set_property' expects at least one object. [C:/Users/Angel/Desktop/ICARO_24/fpga_spi_slave/V2.0/constraints/Cmod-A7-Master.xdc:46]
Resolution: If [get_<value>] was used to populate the object, check to make sure this command returns at least one valid object.
WARNING: [Vivado 12-584] No ports matched 'o_MOSI_4'. [C:/Users/Angel/Desktop/ICARO_24/fpga_spi_slave/V2.0/constraints/Cmod-A7-Master.xdc:47]
CRITICAL WARNING: [Common 17-55] 'set_property' expects at least one object. [C:/Users/Angel/Desktop/ICARO_24/fpga_spi_slave/V2.0/constraints/Cmod-A7-Master.xdc:47]
Resolution: If [get_<value>] was used to populate the object, check to make sure this command returns at least one valid object.
WARNING: [Vivado 12-584] No ports matched 'i_MISO_4'. [C:/Users/Angel/Desktop/ICARO_24/fpga_spi_slave/V2.0/constraints/Cmod-A7-Master.xdc:48]
CRITICAL WARNING: [Common 17-55] 'set_property' expects at least one object. [C:/Users/Angel/Desktop/ICARO_24/fpga_spi_slave/V2.0/constraints/Cmod-A7-Master.xdc:48]
Resolution: If [get_<value>] was used to populate the object, check to make sure this command returns at least one valid object.
WARNING: [Vivado 12-584] No ports matched 'o_cs_40'. [C:/Users/Angel/Desktop/ICARO_24/fpga_spi_slave/V2.0/constraints/Cmod-A7-Master.xdc:49]
CRITICAL WARNING: [Common 17-55] 'set_property' expects at least one object. [C:/Users/Angel/Desktop/ICARO_24/fpga_spi_slave/V2.0/constraints/Cmod-A7-Master.xdc:49]
Resolution: If [get_<value>] was used to populate the object, check to make sure this command returns at least one valid object.
WARNING: [Vivado 12-584] No ports matched 'o_cs_41'. [C:/Users/Angel/Desktop/ICARO_24/fpga_spi_slave/V2.0/constraints/Cmod-A7-Master.xdc:50]
CRITICAL WARNING: [Common 17-55] 'set_property' expects at least one object. [C:/Users/Angel/Desktop/ICARO_24/fpga_spi_slave/V2.0/constraints/Cmod-A7-Master.xdc:50]
Resolution: If [get_<value>] was used to populate the object, check to make sure this command returns at least one valid object.
WARNING: [Vivado 12-584] No ports matched 'o_cs_42'. [C:/Users/Angel/Desktop/ICARO_24/fpga_spi_slave/V2.0/constraints/Cmod-A7-Master.xdc:51]
CRITICAL WARNING: [Common 17-55] 'set_property' expects at least one object. [C:/Users/Angel/Desktop/ICARO_24/fpga_spi_slave/V2.0/constraints/Cmod-A7-Master.xdc:51]
Resolution: If [get_<value>] was used to populate the object, check to make sure this command returns at least one valid object.
WARNING: [Vivado 12-584] No ports matched 'o_cs_43'. [C:/Users/Angel/Desktop/ICARO_24/fpga_spi_slave/V2.0/constraints/Cmod-A7-Master.xdc:52]
CRITICAL WARNING: [Common 17-55] 'set_property' expects at least one object. [C:/Users/Angel/Desktop/ICARO_24/fpga_spi_slave/V2.0/constraints/Cmod-A7-Master.xdc:52]
Resolution: If [get_<value>] was used to populate the object, check to make sure this command returns at least one valid object.
WARNING: [Vivado 12-584] No ports matched 'o_cs_44'. [C:/Users/Angel/Desktop/ICARO_24/fpga_spi_slave/V2.0/constraints/Cmod-A7-Master.xdc:53]
CRITICAL WARNING: [Common 17-55] 'set_property' expects at least one object. [C:/Users/Angel/Desktop/ICARO_24/fpga_spi_slave/V2.0/constraints/Cmod-A7-Master.xdc:53]
Resolution: If [get_<value>] was used to populate the object, check to make sure this command returns at least one valid object.
WARNING: [Vivado 12-584] No ports matched 'o_scl_3'. [C:/Users/Angel/Desktop/ICARO_24/fpga_spi_slave/V2.0/constraints/Cmod-A7-Master.xdc:54]
CRITICAL WARNING: [Common 17-55] 'set_property' expects at least one object. [C:/Users/Angel/Desktop/ICARO_24/fpga_spi_slave/V2.0/constraints/Cmod-A7-Master.xdc:54]
Resolution: If [get_<value>] was used to populate the object, check to make sure this command returns at least one valid object.
WARNING: [Vivado 12-584] No ports matched 'o_MOSI_3'. [C:/Users/Angel/Desktop/ICARO_24/fpga_spi_slave/V2.0/constraints/Cmod-A7-Master.xdc:55]
CRITICAL WARNING: [Common 17-55] 'set_property' expects at least one object. [C:/Users/Angel/Desktop/ICARO_24/fpga_spi_slave/V2.0/constraints/Cmod-A7-Master.xdc:55]
Resolution: If [get_<value>] was used to populate the object, check to make sure this command returns at least one valid object.
WARNING: [Vivado 12-584] No ports matched 'i_MISO_3'. [C:/Users/Angel/Desktop/ICARO_24/fpga_spi_slave/V2.0/constraints/Cmod-A7-Master.xdc:56]
CRITICAL WARNING: [Common 17-55] 'set_property' expects at least one object. [C:/Users/Angel/Desktop/ICARO_24/fpga_spi_slave/V2.0/constraints/Cmod-A7-Master.xdc:56]
Resolution: If [get_<value>] was used to populate the object, check to make sure this command returns at least one valid object.
WARNING: [Vivado 12-584] No ports matched 'o_cs_30'. [C:/Users/Angel/Desktop/ICARO_24/fpga_spi_slave/V2.0/constraints/Cmod-A7-Master.xdc:57]
CRITICAL WARNING: [Common 17-55] 'set_property' expects at least one object. [C:/Users/Angel/Desktop/ICARO_24/fpga_spi_slave/V2.0/constraints/Cmod-A7-Master.xdc:57]
Resolution: If [get_<value>] was used to populate the object, check to make sure this command returns at least one valid object.
WARNING: [Vivado 12-584] No ports matched 'o_cs_31'. [C:/Users/Angel/Desktop/ICARO_24/fpga_spi_slave/V2.0/constraints/Cmod-A7-Master.xdc:58]
CRITICAL WARNING: [Common 17-55] 'set_property' expects at least one object. [C:/Users/Angel/Desktop/ICARO_24/fpga_spi_slave/V2.0/constraints/Cmod-A7-Master.xdc:58]
Resolution: If [get_<value>] was used to populate the object, check to make sure this command returns at least one valid object.
WARNING: [Vivado 12-584] No ports matched 'o_cs_32'. [C:/Users/Angel/Desktop/ICARO_24/fpga_spi_slave/V2.0/constraints/Cmod-A7-Master.xdc:59]
CRITICAL WARNING: [Common 17-55] 'set_property' expects at least one object. [C:/Users/Angel/Desktop/ICARO_24/fpga_spi_slave/V2.0/constraints/Cmod-A7-Master.xdc:59]
Resolution: If [get_<value>] was used to populate the object, check to make sure this command returns at least one valid object.
WARNING: [Vivado 12-584] No ports matched 'o_cs_33'. [C:/Users/Angel/Desktop/ICARO_24/fpga_spi_slave/V2.0/constraints/Cmod-A7-Master.xdc:60]
CRITICAL WARNING: [Common 17-55] 'set_property' expects at least one object. [C:/Users/Angel/Desktop/ICARO_24/fpga_spi_slave/V2.0/constraints/Cmod-A7-Master.xdc:60]
Resolution: If [get_<value>] was used to populate the object, check to make sure this command returns at least one valid object.
WARNING: [Vivado 12-584] No ports matched 'o_cs_34'. [C:/Users/Angel/Desktop/ICARO_24/fpga_spi_slave/V2.0/constraints/Cmod-A7-Master.xdc:61]
CRITICAL WARNING: [Common 17-55] 'set_property' expects at least one object. [C:/Users/Angel/Desktop/ICARO_24/fpga_spi_slave/V2.0/constraints/Cmod-A7-Master.xdc:61]
Resolution: If [get_<value>] was used to populate the object, check to make sure this command returns at least one valid object.
WARNING: [Vivado 12-584] No ports matched 'o_cs_24'. [C:/Users/Angel/Desktop/ICARO_24/fpga_spi_slave/V2.0/constraints/Cmod-A7-Master.xdc:62]
CRITICAL WARNING: [Common 17-55] 'set_property' expects at least one object. [C:/Users/Angel/Desktop/ICARO_24/fpga_spi_slave/V2.0/constraints/Cmod-A7-Master.xdc:62]
Resolution: If [get_<value>] was used to populate the object, check to make sure this command returns at least one valid object.
WARNING: [Vivado 12-584] No ports matched 'o_cs_23'. [C:/Users/Angel/Desktop/ICARO_24/fpga_spi_slave/V2.0/constraints/Cmod-A7-Master.xdc:63]
CRITICAL WARNING: [Common 17-55] 'set_property' expects at least one object. [C:/Users/Angel/Desktop/ICARO_24/fpga_spi_slave/V2.0/constraints/Cmod-A7-Master.xdc:63]
Resolution: If [get_<value>] was used to populate the object, check to make sure this command returns at least one valid object.
WARNING: [Vivado 12-584] No ports matched 'o_cs_22'. [C:/Users/Angel/Desktop/ICARO_24/fpga_spi_slave/V2.0/constraints/Cmod-A7-Master.xdc:64]
CRITICAL WARNING: [Common 17-55] 'set_property' expects at least one object. [C:/Users/Angel/Desktop/ICARO_24/fpga_spi_slave/V2.0/constraints/Cmod-A7-Master.xdc:64]
Resolution: If [get_<value>] was used to populate the object, check to make sure this command returns at least one valid object.
WARNING: [Vivado 12-584] No ports matched 'o_cs_21'. [C:/Users/Angel/Desktop/ICARO_24/fpga_spi_slave/V2.0/constraints/Cmod-A7-Master.xdc:65]
CRITICAL WARNING: [Common 17-55] 'set_property' expects at least one object. [C:/Users/Angel/Desktop/ICARO_24/fpga_spi_slave/V2.0/constraints/Cmod-A7-Master.xdc:65]
Resolution: If [get_<value>] was used to populate the object, check to make sure this command returns at least one valid object.
WARNING: [Vivado 12-584] No ports matched 'o_cs_20'. [C:/Users/Angel/Desktop/ICARO_24/fpga_spi_slave/V2.0/constraints/Cmod-A7-Master.xdc:66]
CRITICAL WARNING: [Common 17-55] 'set_property' expects at least one object. [C:/Users/Angel/Desktop/ICARO_24/fpga_spi_slave/V2.0/constraints/Cmod-A7-Master.xdc:66]
Resolution: If [get_<value>] was used to populate the object, check to make sure this command returns at least one valid object.
WARNING: [Vivado 12-584] No ports matched 'i_MISO_2'. [C:/Users/Angel/Desktop/ICARO_24/fpga_spi_slave/V2.0/constraints/Cmod-A7-Master.xdc:67]
CRITICAL WARNING: [Common 17-55] 'set_property' expects at least one object. [C:/Users/Angel/Desktop/ICARO_24/fpga_spi_slave/V2.0/constraints/Cmod-A7-Master.xdc:67]
Resolution: If [get_<value>] was used to populate the object, check to make sure this command returns at least one valid object.
WARNING: [Vivado 12-584] No ports matched 'o_MOSI_2'. [C:/Users/Angel/Desktop/ICARO_24/fpga_spi_slave/V2.0/constraints/Cmod-A7-Master.xdc:68]
CRITICAL WARNING: [Common 17-55] 'set_property' expects at least one object. [C:/Users/Angel/Desktop/ICARO_24/fpga_spi_slave/V2.0/constraints/Cmod-A7-Master.xdc:68]
Resolution: If [get_<value>] was used to populate the object, check to make sure this command returns at least one valid object.
WARNING: [Vivado 12-584] No ports matched 'o_scl_2'. [C:/Users/Angel/Desktop/ICARO_24/fpga_spi_slave/V2.0/constraints/Cmod-A7-Master.xdc:69]
CRITICAL WARNING: [Common 17-55] 'set_property' expects at least one object. [C:/Users/Angel/Desktop/ICARO_24/fpga_spi_slave/V2.0/constraints/Cmod-A7-Master.xdc:69]
Resolution: If [get_<value>] was used to populate the object, check to make sure this command returns at least one valid object.
WARNING: [Vivado 12-584] No ports matched 'o_cs_14'. [C:/Users/Angel/Desktop/ICARO_24/fpga_spi_slave/V2.0/constraints/Cmod-A7-Master.xdc:70]
CRITICAL WARNING: [Common 17-55] 'set_property' expects at least one object. [C:/Users/Angel/Desktop/ICARO_24/fpga_spi_slave/V2.0/constraints/Cmod-A7-Master.xdc:70]
Resolution: If [get_<value>] was used to populate the object, check to make sure this command returns at least one valid object.
WARNING: [Vivado 12-584] No ports matched 'o_cs_13'. [C:/Users/Angel/Desktop/ICARO_24/fpga_spi_slave/V2.0/constraints/Cmod-A7-Master.xdc:71]
CRITICAL WARNING: [Common 17-55] 'set_property' expects at least one object. [C:/Users/Angel/Desktop/ICARO_24/fpga_spi_slave/V2.0/constraints/Cmod-A7-Master.xdc:71]
Resolution: If [get_<value>] was used to populate the object, check to make sure this command returns at least one valid object.
WARNING: [Vivado 12-584] No ports matched 'o_cs_12'. [C:/Users/Angel/Desktop/ICARO_24/fpga_spi_slave/V2.0/constraints/Cmod-A7-Master.xdc:72]
CRITICAL WARNING: [Common 17-55] 'set_property' expects at least one object. [C:/Users/Angel/Desktop/ICARO_24/fpga_spi_slave/V2.0/constraints/Cmod-A7-Master.xdc:72]
Resolution: If [get_<value>] was used to populate the object, check to make sure this command returns at least one valid object.
WARNING: [Vivado 12-584] No ports matched 'o_cs_11'. [C:/Users/Angel/Desktop/ICARO_24/fpga_spi_slave/V2.0/constraints/Cmod-A7-Master.xdc:73]
CRITICAL WARNING: [Common 17-55] 'set_property' expects at least one object. [C:/Users/Angel/Desktop/ICARO_24/fpga_spi_slave/V2.0/constraints/Cmod-A7-Master.xdc:73]
Resolution: If [get_<value>] was used to populate the object, check to make sure this command returns at least one valid object.
WARNING: [Vivado 12-584] No ports matched 'o_cs_10'. [C:/Users/Angel/Desktop/ICARO_24/fpga_spi_slave/V2.0/constraints/Cmod-A7-Master.xdc:74]
CRITICAL WARNING: [Common 17-55] 'set_property' expects at least one object. [C:/Users/Angel/Desktop/ICARO_24/fpga_spi_slave/V2.0/constraints/Cmod-A7-Master.xdc:74]
Resolution: If [get_<value>] was used to populate the object, check to make sure this command returns at least one valid object.
WARNING: [Vivado 12-584] No ports matched 'i_MISO_1'. [C:/Users/Angel/Desktop/ICARO_24/fpga_spi_slave/V2.0/constraints/Cmod-A7-Master.xdc:75]
CRITICAL WARNING: [Common 17-55] 'set_property' expects at least one object. [C:/Users/Angel/Desktop/ICARO_24/fpga_spi_slave/V2.0/constraints/Cmod-A7-Master.xdc:75]
Resolution: If [get_<value>] was used to populate the object, check to make sure this command returns at least one valid object.
WARNING: [Vivado 12-584] No ports matched 'o_MOSI_1'. [C:/Users/Angel/Desktop/ICARO_24/fpga_spi_slave/V2.0/constraints/Cmod-A7-Master.xdc:76]
CRITICAL WARNING: [Common 17-55] 'set_property' expects at least one object. [C:/Users/Angel/Desktop/ICARO_24/fpga_spi_slave/V2.0/constraints/Cmod-A7-Master.xdc:76]
Resolution: If [get_<value>] was used to populate the object, check to make sure this command returns at least one valid object.
WARNING: [Vivado 12-584] No ports matched 'o_scl_1'. [C:/Users/Angel/Desktop/ICARO_24/fpga_spi_slave/V2.0/constraints/Cmod-A7-Master.xdc:77]
CRITICAL WARNING: [Common 17-55] 'set_property' expects at least one object. [C:/Users/Angel/Desktop/ICARO_24/fpga_spi_slave/V2.0/constraints/Cmod-A7-Master.xdc:77]
Resolution: If [get_<value>] was used to populate the object, check to make sure this command returns at least one valid object.
WARNING: [Vivado 12-584] No ports matched 'o_cs_04'. [C:/Users/Angel/Desktop/ICARO_24/fpga_spi_slave/V2.0/constraints/Cmod-A7-Master.xdc:78]
CRITICAL WARNING: [Common 17-55] 'set_property' expects at least one object. [C:/Users/Angel/Desktop/ICARO_24/fpga_spi_slave/V2.0/constraints/Cmod-A7-Master.xdc:78]
Resolution: If [get_<value>] was used to populate the object, check to make sure this command returns at least one valid object.
WARNING: [Vivado 12-584] No ports matched 'o_cs_03'. [C:/Users/Angel/Desktop/ICARO_24/fpga_spi_slave/V2.0/constraints/Cmod-A7-Master.xdc:79]
CRITICAL WARNING: [Common 17-55] 'set_property' expects at least one object. [C:/Users/Angel/Desktop/ICARO_24/fpga_spi_slave/V2.0/constraints/Cmod-A7-Master.xdc:79]
Resolution: If [get_<value>] was used to populate the object, check to make sure this command returns at least one valid object.
WARNING: [Vivado 12-584] No ports matched 'o_cs_02'. [C:/Users/Angel/Desktop/ICARO_24/fpga_spi_slave/V2.0/constraints/Cmod-A7-Master.xdc:80]
CRITICAL WARNING: [Common 17-55] 'set_property' expects at least one object. [C:/Users/Angel/Desktop/ICARO_24/fpga_spi_slave/V2.0/constraints/Cmod-A7-Master.xdc:80]
Resolution: If [get_<value>] was used to populate the object, check to make sure this command returns at least one valid object.
WARNING: [Vivado 12-584] No ports matched 'o_cs_01'. [C:/Users/Angel/Desktop/ICARO_24/fpga_spi_slave/V2.0/constraints/Cmod-A7-Master.xdc:81]
CRITICAL WARNING: [Common 17-55] 'set_property' expects at least one object. [C:/Users/Angel/Desktop/ICARO_24/fpga_spi_slave/V2.0/constraints/Cmod-A7-Master.xdc:81]
Resolution: If [get_<value>] was used to populate the object, check to make sure this command returns at least one valid object.
WARNING: [Vivado 12-584] No ports matched 'o_cs_00'. [C:/Users/Angel/Desktop/ICARO_24/fpga_spi_slave/V2.0/constraints/Cmod-A7-Master.xdc:82]
CRITICAL WARNING: [Common 17-55] 'set_property' expects at least one object. [C:/Users/Angel/Desktop/ICARO_24/fpga_spi_slave/V2.0/constraints/Cmod-A7-Master.xdc:82]
Resolution: If [get_<value>] was used to populate the object, check to make sure this command returns at least one valid object.
WARNING: [Vivado 12-584] No ports matched 'i_MISO_0'. [C:/Users/Angel/Desktop/ICARO_24/fpga_spi_slave/V2.0/constraints/Cmod-A7-Master.xdc:83]
CRITICAL WARNING: [Common 17-55] 'set_property' expects at least one object. [C:/Users/Angel/Desktop/ICARO_24/fpga_spi_slave/V2.0/constraints/Cmod-A7-Master.xdc:83]
Resolution: If [get_<value>] was used to populate the object, check to make sure this command returns at least one valid object.
WARNING: [Vivado 12-584] No ports matched 'o_MOSI_0'. [C:/Users/Angel/Desktop/ICARO_24/fpga_spi_slave/V2.0/constraints/Cmod-A7-Master.xdc:84]
CRITICAL WARNING: [Common 17-55] 'set_property' expects at least one object. [C:/Users/Angel/Desktop/ICARO_24/fpga_spi_slave/V2.0/constraints/Cmod-A7-Master.xdc:84]
Resolution: If [get_<value>] was used to populate the object, check to make sure this command returns at least one valid object.
WARNING: [Vivado 12-584] No ports matched 'o_scl_0'. [C:/Users/Angel/Desktop/ICARO_24/fpga_spi_slave/V2.0/constraints/Cmod-A7-Master.xdc:85]
CRITICAL WARNING: [Common 17-55] 'set_property' expects at least one object. [C:/Users/Angel/Desktop/ICARO_24/fpga_spi_slave/V2.0/constraints/Cmod-A7-Master.xdc:85]
Resolution: If [get_<value>] was used to populate the object, check to make sure this command returns at least one valid object.
Finished Parsing XDC File [C:/Users/Angel/Desktop/ICARO_24/fpga_spi_slave/V2.0/constraints/Cmod-A7-Master.xdc]
Completed Processing XDC Constraints

Netlist sorting complete. Time (s): cpu = 00:00:00 ; elapsed = 00:00:00.001 . Memory (MB): peak = 1496.121 ; gain = 0.000
INFO: [Project 1-111] Unisim Transformation Summary:
No Unisim elements were transformed.

El sistema no puede encontrar la ruta especificada.
Constraint Validation Runtime : Time (s): cpu = 00:00:00 ; elapsed = 00:00:00.002 . Memory (MB): peak = 1496.121 ; gain = 0.000
INFO: [Designutils 20-5440] No compile time benefit to using incremental synthesis; A full resynthesis will be run
INFO: [Designutils 20-4379] Flow is switching to default flow due to incremental criteria not met. If you would like to alter this behaviour and have the flow terminate instead, please set the following parameter config_implementation {autoIncr.Synth.RejectBehavior Terminate}
---------------------------------------------------------------------------------
Finished Constraint Validation : Time (s): cpu = 00:00:06 ; elapsed = 00:00:15 . Memory (MB): peak = 1496.121 ; gain = 638.637
---------------------------------------------------------------------------------
---------------------------------------------------------------------------------
Start Loading Part and Timing Information
---------------------------------------------------------------------------------
Loading part: xc7a35tcpg236-1
---------------------------------------------------------------------------------
Finished Loading Part and Timing Information : Time (s): cpu = 00:00:06 ; elapsed = 00:00:15 . Memory (MB): peak = 1496.121 ; gain = 638.637
---------------------------------------------------------------------------------
---------------------------------------------------------------------------------
Start Applying 'set_property' XDC Constraints
---------------------------------------------------------------------------------
---------------------------------------------------------------------------------
Finished applying 'set_property' XDC Constraints : Time (s): cpu = 00:00:06 ; elapsed = 00:00:15 . Memory (MB): peak = 1496.121 ; gain = 638.637
---------------------------------------------------------------------------------
WARNING: [Synth 8-327] inferring latch for variable 'out_frame_saved_reg' [C:/Users/Angel/Desktop/ICARO_24/fpga_spi_slave/V2.0/hw/spi_slave.vhd:76]
---------------------------------------------------------------------------------
Finished RTL Optimization Phase 2 : Time (s): cpu = 00:00:06 ; elapsed = 00:00:15 . Memory (MB): peak = 1496.121 ; gain = 638.637
---------------------------------------------------------------------------------
---------------------------------------------------------------------------------
Start RTL Component Statistics 
---------------------------------------------------------------------------------
Detailed RTL Component Info : 
+---Adders : 
	   2 Input    2 Bit       Adders := 1     
+---Registers : 
	                4 Bit    Registers := 1     
	                2 Bit    Registers := 1     
	                1 Bit    Registers := 4     
+---Muxes : 
	   2 Input    2 Bit        Muxes := 2     
	   2 Input    1 Bit        Muxes := 6     
---------------------------------------------------------------------------------
Finished RTL Component Statistics 
---------------------------------------------------------------------------------
---------------------------------------------------------------------------------
Start Part Resource Summary
---------------------------------------------------------------------------------
Part Resources:
DSPs: 90 (col length:60)
BRAMs: 100 (col length: RAMB18 60 RAMB36 30)
---------------------------------------------------------------------------------
Finished Part Resource Summary
---------------------------------------------------------------------------------
---------------------------------------------------------------------------------
Start Cross Boundary and Area Optimization
---------------------------------------------------------------------------------
WARNING: [Synth 8-7080] Parallel synthesis criteria is not met
---------------------------------------------------------------------------------
Finished Cross Boundary and Area Optimization : Time (s): cpu = 00:00:07 ; elapsed = 00:00:17 . Memory (MB): peak = 1496.121 ; gain = 638.637
---------------------------------------------------------------------------------
---------------------------------------------------------------------------------
Start Applying XDC Timing Constraints
---------------------------------------------------------------------------------
---------------------------------------------------------------------------------
Finished Applying XDC Timing Constraints : Time (s): cpu = 00:00:10 ; elapsed = 00:00:22 . Memory (MB): peak = 1496.121 ; gain = 638.637
---------------------------------------------------------------------------------
---------------------------------------------------------------------------------
Start Timing Optimization
---------------------------------------------------------------------------------
---------------------------------------------------------------------------------
Finished Timing Optimization : Time (s): cpu = 00:00:10 ; elapsed = 00:00:22 . Memory (MB): peak = 1496.121 ; gain = 638.637
---------------------------------------------------------------------------------
---------------------------------------------------------------------------------
Start Technology Mapping
---------------------------------------------------------------------------------
---------------------------------------------------------------------------------
Finished Technology Mapping : Time (s): cpu = 00:00:10 ; elapsed = 00:00:22 . Memory (MB): peak = 1496.121 ; gain = 638.637
---------------------------------------------------------------------------------
---------------------------------------------------------------------------------
Start IO Insertion
---------------------------------------------------------------------------------
---------------------------------------------------------------------------------
Start Flattening Before IO Insertion
---------------------------------------------------------------------------------
---------------------------------------------------------------------------------
Finished Flattening Before IO Insertion
---------------------------------------------------------------------------------
---------------------------------------------------------------------------------
Start Final Netlist Cleanup
---------------------------------------------------------------------------------
---------------------------------------------------------------------------------
Finished Final Netlist Cleanup
---------------------------------------------------------------------------------
---------------------------------------------------------------------------------
Finished IO Insertion : Time (s): cpu = 00:00:12 ; elapsed = 00:00:27 . Memory (MB): peak = 1496.121 ; gain = 638.637
---------------------------------------------------------------------------------
---------------------------------------------------------------------------------
Start Renaming Generated Instances
---------------------------------------------------------------------------------
---------------------------------------------------------------------------------
Finished Renaming Generated Instances : Time (s): cpu = 00:00:12 ; elapsed = 00:00:27 . Memory (MB): peak = 1496.121 ; gain = 638.637
---------------------------------------------------------------------------------
---------------------------------------------------------------------------------
Start Rebuilding User Hierarchy
---------------------------------------------------------------------------------
---------------------------------------------------------------------------------
Finished Rebuilding User Hierarchy : Time (s): cpu = 00:00:12 ; elapsed = 00:00:27 . Memory (MB): peak = 1496.121 ; gain = 638.637
---------------------------------------------------------------------------------
---------------------------------------------------------------------------------
Start Renaming Generated Ports
---------------------------------------------------------------------------------
---------------------------------------------------------------------------------
Finished Renaming Generated Ports : Time (s): cpu = 00:00:12 ; elapsed = 00:00:27 . Memory (MB): peak = 1496.121 ; gain = 638.637
---------------------------------------------------------------------------------
---------------------------------------------------------------------------------
Start Handling Custom Attributes
---------------------------------------------------------------------------------
---------------------------------------------------------------------------------
Finished Handling Custom Attributes : Time (s): cpu = 00:00:12 ; elapsed = 00:00:27 . Memory (MB): peak = 1496.121 ; gain = 638.637
---------------------------------------------------------------------------------
---------------------------------------------------------------------------------
Start Renaming Generated Nets
---------------------------------------------------------------------------------
---------------------------------------------------------------------------------
Finished Renaming Generated Nets : Time (s): cpu = 00:00:12 ; elapsed = 00:00:27 . Memory (MB): peak = 1496.121 ; gain = 638.637
---------------------------------------------------------------------------------
---------------------------------------------------------------------------------
Start Writing Synthesis Report
---------------------------------------------------------------------------------

Report BlackBoxes: 
+-+--------------+----------+
| |BlackBox name |Instances |
+-+--------------+----------+
+-+--------------+----------+

Report Cell Usage: 
+------+-----+------+
|      |Cell |Count |
+------+-----+------+
|1     |BUFG |     2|
|2     |LUT1 |     1|
|3     |LUT2 |     8|
|4     |LUT3 |     1|
|5     |LUT6 |     1|
|6     |FDCE |     7|
|7     |FDPE |     3|
|8     |FDRE |     1|
|9     |LD   |     4|
|10    |LDC  |     1|
|11    |IBUF |     4|
|12    |OBUF |     5|
+------+-----+------+
---------------------------------------------------------------------------------
Finished Writing Synthesis Report : Time (s): cpu = 00:00:12 ; elapsed = 00:00:27 . Memory (MB): peak = 1496.121 ; gain = 638.637
---------------------------------------------------------------------------------
Synthesis finished with 0 errors, 0 critical warnings and 2 warnings.
Synthesis Optimization Runtime : Time (s): cpu = 00:00:09 ; elapsed = 00:00:25 . Memory (MB): peak = 1496.121 ; gain = 546.500
Synthesis Optimization Complete : Time (s): cpu = 00:00:12 ; elapsed = 00:00:27 . Memory (MB): peak = 1496.121 ; gain = 638.637
INFO: [Project 1-571] Translating synthesized netlist
Netlist sorting complete. Time (s): cpu = 00:00:00 ; elapsed = 00:00:00 . Memory (MB): peak = 1496.121 ; gain = 0.000
INFO: [Netlist 29-17] Analyzing 5 Unisim elements for replacement
INFO: [Netlist 29-28] Unisim Transformation completed in 0 CPU seconds
INFO: [Project 1-570] Preparing netlist for logic optimization
INFO: [Opt 31-138] Pushed 0 inverter(s) to 0 load pin(s).
Netlist sorting complete. Time (s): cpu = 00:00:00 ; elapsed = 00:00:00 . Memory (MB): peak = 1496.121 ; gain = 0.000
INFO: [Project 1-111] Unisim Transformation Summary:
  A total of 5 instances were transformed.
  LD => LDCE: 4 instances
  LDC => LDCE: 1 instance 

El sistema no puede encontrar la ruta especificada.
Synth Design complete | Checksum: ae85a847
INFO: [Common 17-83] Releasing license: Synthesis
22 Infos, 54 Warnings, 50 Critical Warnings and 0 Errors encountered.
synth_design completed successfully
synth_design: Time (s): cpu = 00:00:14 ; elapsed = 00:00:32 . Memory (MB): peak = 1496.121 ; gain = 1030.234
INFO: [runtcl-6] Synthesis results are not added to the cache due to CRITICAL_WARNING
Write ShapeDB Complete: Time (s): cpu = 00:00:00 ; elapsed = 00:00:00.001 . Memory (MB): peak = 1496.121 ; gain = 0.000
INFO: [Common 17-1381] The checkpoint 'C:/Users/Angel/Desktop/ICARO_24/fpga_spi_slave/V2.0/vivado_proyect/vivado_proyect.runs/synth_1/spi_slave.dcp' has been generated.
INFO: [runtcl-4] Executing : report_utilization -file spi_slave_utilization_synth.rpt -pb spi_slave_utilization_synth.pb
INFO: [Common 17-206] Exiting Vivado at Tue Sep 17 13:00:35 2024...
